[ 2018-03-07T11:29:21+08:00 ] 127.0.0.1 /Home/index/cleardata
INFO: [ app_init ] --START--
INFO: Run Behavior\BuildLiteBehavior [ RunTime:0.000023s ]
INFO: [ app_init ] --END-- [ RunTime:0.000493s ]
ERR: 无法加载模块:Home

[ 2018-03-07T11:29:21+08:00 ] 127.0.0.1 /Home/index/cleardata
INFO: [ app_init ] --START--
INFO: Run Behavior\BuildLiteBehavior [ RunTime:0.000019s ]
INFO: [ app_init ] --END-- [ RunTime:0.000518s ]
ERR: 无法加载模块:Home

[ 2018-03-07T11:29:21+08:00 ] 127.0.0.1 /Home/index/cleardata
INFO: [ app_init ] --START--
INFO: Run Behavior\BuildLiteBehavior [ RunTime:0.000020s ]
INFO: [ app_init ] --END-- [ RunTime:0.000530s ]
ERR: 无法加载模块:Home

[ 2018-03-07T11:29:23+08:00 ] 127.0.0.1 /Home/index/cleardata
INFO: [ app_init ] --START--
INFO: Run Behavior\BuildLiteBehavior [ RunTime:0.000024s ]
INFO: [ app_init ] --END-- [ RunTime:0.000483s ]
ERR: 无法加载模块:Home

[ 2018-03-07T11:29:25+08:00 ] 127.0.0.1 /Home/index/cleardata
INFO: [ app_init ] --START--
INFO: Run Behavior\BuildLiteBehavior [ RunTime:0.000016s ]
INFO: [ app_init ] --END-- [ RunTime:0.000431s ]
ERR: 无法加载模块:Home

[ 2018-03-07T11:29:27+08:00 ] 127.0.0.1 /Home/index/cleardata
INFO: [ app_init ] --START--
INFO: Run Behavior\BuildLiteBehavior [ RunTime:0.000039s ]
INFO: [ app_init ] --END-- [ RunTime:0.000699s ]
ERR: 无法加载模块:Home

[ 2018-03-07T11:29:29+08:00 ] 127.0.0.1 /Home/index/cleardata
INFO: [ app_init ] --START--
INFO: Run Behavior\BuildLiteBehavior [ RunTime:0.000018s ]
INFO: [ app_init ] --END-- [ RunTime:0.000429s ]
ERR: 无法加载模块:Home

[ 2018-03-07T11:29:29+08:00 ] 127.0.0.1 /Home/index/shishic
INFO: [ app_init ] --START--
INFO: Run Behavior\BuildLiteBehavior [ RunTime:0.000027s ]
INFO: [ app_init ] --END-- [ RunTime:0.000548s ]
ERR: 无法加载模块:Home

[ 2018-03-07T11:29:29+08:00 ] 127.0.0.1 /Home/index/pk10
INFO: [ app_init ] --START--
INFO: Run Behavior\BuildLiteBehavior [ RunTime:0.000019s ]
INFO: [ app_init ] --END-- [ RunTime:0.000645s ]
ERR: 无法加载模块:Home

[ 2018-03-07T11:29:31+08:00 ] 127.0.0.1 /Home/index/cleardata
INFO: [ app_init ] --START--
INFO: Run Behavior\BuildLiteBehavior [ RunTime:0.000012s ]
INFO: [ app_init ] --END-- [ RunTime:0.000289s ]
ERR: 无法加载模块:Home

[ 2018-03-07T11:29:33+08:00 ] 127.0.0.1 /Home/index/cleardata
INFO: [ app_init ] --START--
INFO: Run Behavior\BuildLiteBehavior [ RunTime:0.000016s ]
INFO: [ app_init ] --END-- [ RunTime:0.000395s ]
ERR: 无法加载模块:Home

[ 2018-03-07T11:29:35+08:00 ] 127.0.0.1 /Home/index/cleardata
INFO: [ app_init ] --START--
INFO: Run Behavior\BuildLiteBehavior [ RunTime:0.000020s ]
INFO: [ app_init ] --END-- [ RunTime:0.000529s ]
ERR: 无法加载模块:Home

[ 2018-03-07T11:29:37+08:00 ] 127.0.0.1 /Home/index/cleardata
INFO: [ app_init ] --START--
INFO: Run Behavior\BuildLiteBehavior [ RunTime:0.000018s ]
INFO: [ app_init ] --END-- [ RunTime:0.000475s ]
ERR: 无法加载模块:Home

[ 2018-03-07T11:29:39+08:00 ] 127.0.0.1 /Home/index/cleardata
INFO: [ app_init ] --START--
INFO: Run Behavior\BuildLiteBehavior [ RunTime:0.000021s ]
INFO: [ app_init ] --END-- [ RunTime:0.000736s ]
ERR: 无法加载模块:Home

[ 2018-03-07T11:29:41+08:00 ] 127.0.0.1 /Home/index/cleardata
INFO: [ app_init ] --START--
INFO: Run Behavior\BuildLiteBehavior [ RunTime:0.000017s ]
INFO: [ app_init ] --END-- [ RunTime:0.000375s ]
ERR: 无法加载模块:Home

[ 2018-03-07T11:29:43+08:00 ] 127.0.0.1 /Home/index/cleardata
INFO: [ app_init ] --START--
INFO: Run Behavior\BuildLiteBehavior [ RunTime:0.000012s ]
INFO: [ app_init ] --END-- [ RunTime:0.000266s ]
ERR: 无法加载模块:Home

[ 2018-03-07T11:29:45+08:00 ] 127.0.0.1 /Home/index/cleardata
INFO: [ app_init ] --START--
INFO: Run Behavior\BuildLiteBehavior [ RunTime:0.000018s ]
INFO: [ app_init ] --END-- [ RunTime:0.000395s ]
ERR: 无法加载模块:Home

[ 2018-03-07T11:29:54+08:00 ] 127.0.0.1 /Home/index/cleardata
INFO: [ app_init ] --START--
INFO: Run Behavior\BuildLiteBehavior [ RunTime:0.000012s ]
INFO: [ app_init ] --END-- [ RunTime:0.000401s ]
ERR: 无法加载模块:Home
NOTIC: [2] Cannot modify header information - headers already sent D:\phpStudy\PHPTutorial\WWW\test\ThinkPHP\Library\Think\Think.class.php 第 229 行.
NOTIC: [2] Cannot modify header information - headers already sent D:\phpStudy\PHPTutorial\WWW\test\ThinkPHP\Library\Think\Think.class.php 第 230 行.

[ 2018-03-07T11:29:54+08:00 ] 127.0.0.1 /Home/index/cleardata
INFO: [ app_init ] --START--
INFO: Run Behavior\BuildLiteBehavior [ RunTime:0.000013s ]
INFO: [ app_init ] --END-- [ RunTime:0.000408s ]
ERR: 无法加载模块:Home
NOTIC: [2] Cannot modify header information - headers already sent D:\phpStudy\PHPTutorial\WWW\test\ThinkPHP\Library\Think\Think.class.php 第 229 行.
NOTIC: [2] Cannot modify header information - headers already sent D:\phpStudy\PHPTutorial\WWW\test\ThinkPHP\Library\Think\Think.class.php 第 230 行.

[ 2018-03-07T11:29:55+08:00 ] 127.0.0.1 /Home/index/cleardata
INFO: [ app_init ] --START--
INFO: Run Behavior\BuildLiteBehavior [ RunTime:0.000012s ]
INFO: [ app_init ] --END-- [ RunTime:0.000312s ]
ERR: 无法加载模块:Home
NOTIC: [2] Cannot modify header information - headers already sent D:\phpStudy\PHPTutorial\WWW\test\ThinkPHP\Library\Think\Think.class.php 第 229 行.
NOTIC: [2] Cannot modify header information - headers already sent D:\phpStudy\PHPTutorial\WWW\test\ThinkPHP\Library\Think\Think.class.php 第 230 行.

[ 2018-03-07T11:29:57+08:00 ] 127.0.0.1 /Home/index/cleardata
INFO: [ app_init ] --START--
INFO: Run Behavior\BuildLiteBehavior [ RunTime:0.000013s ]
INFO: [ app_init ] --END-- [ RunTime:0.000737s ]
ERR: 无法加载模块:Home
NOTIC: [2] Cannot modify header information - headers already sent D:\phpStudy\PHPTutorial\WWW\test\ThinkPHP\Library\Think\Think.class.php 第 229 行.
NOTIC: [2] Cannot modify header information - headers already sent D:\phpStudy\PHPTutorial\WWW\test\ThinkPHP\Library\Think\Think.class.php 第 230 行.

[ 2018-03-07T11:29:58+08:00 ] 127.0.0.1 /Home/index/ffctj
INFO: [ app_init ] --START--
INFO: Run Behavior\BuildLiteBehavior [ RunTime:0.000011s ]
INFO: [ app_init ] --END-- [ RunTime:0.000870s ]
ERR: 无法加载模块:Home
NOTIC: [2] Cannot modify header information - headers already sent D:\phpStudy\PHPTutorial\WWW\test\ThinkPHP\Library\Think\Think.class.php 第 229 行.
NOTIC: [2] Cannot modify header information - headers already sent D:\phpStudy\PHPTutorial\WWW\test\ThinkPHP\Library\Think\Think.class.php 第 230 行.

[ 2018-03-07T11:29:58+08:00 ] 127.0.0.1 /Home/index/cleardata
INFO: [ app_init ] --START--
INFO: Run Behavior\BuildLiteBehavior [ RunTime:0.000011s ]
INFO: [ app_init ] --END-- [ RunTime:0.000857s ]
ERR: 无法加载模块:Home
NOTIC: [2] Cannot modify header information - headers already sent D:\phpStudy\PHPTutorial\WWW\test\ThinkPHP\Library\Think\Think.class.php 第 229 行.
NOTIC: [2] Cannot modify header information - headers already sent D:\phpStudy\PHPTutorial\WWW\test\ThinkPHP\Library\Think\Think.class.php 第 230 行.

[ 2018-03-07T11:30:00+08:00 ] 127.0.0.1 /Home/index/shishic
INFO: [ app_init ] --START--
INFO: Run Behavior\BuildLiteBehavior [ RunTime:0.000014s ]
INFO: [ app_init ] --END-- [ RunTime:0.000524s ]
ERR: 无法加载模块:Home
NOTIC: [2] Cannot modify header information - headers already sent D:\phpStudy\PHPTutorial\WWW\test\ThinkPHP\Library\Think\Think.class.php 第 229 行.
NOTIC: [2] Cannot modify header information - headers already sent D:\phpStudy\PHPTutorial\WWW\test\ThinkPHP\Library\Think\Think.class.php 第 230 行.

[ 2018-03-07T11:30:00+08:00 ] 127.0.0.1 /Home/index/cleardata
INFO: [ app_init ] --START--
INFO: Run Behavior\BuildLiteBehavior [ RunTime:0.000015s ]
INFO: [ app_init ] --END-- [ RunTime:0.000728s ]
ERR: 无法加载模块:Home
NOTIC: [2] Cannot modify header information - headers already sent D:\phpStudy\PHPTutorial\WWW\test\ThinkPHP\Library\Think\Think.class.php 第 229 行.
NOTIC: [2] Cannot modify header information - headers already sent D:\phpStudy\PHPTutorial\WWW\test\ThinkPHP\Library\Think\Think.class.php 第 230 行.

[ 2018-03-07T11:30:01+08:00 ] 127.0.0.1 /Home/index/pk10
INFO: [ app_init ] --START--
INFO: Run Behavior\BuildLiteBehavior [ RunTime:0.000012s ]
INFO: [ app_init ] --END-- [ RunTime:0.000715s ]
ERR: 无法加载模块:Home
NOTIC: [2] Cannot modify header information - headers already sent D:\phpStudy\PHPTutorial\WWW\test\ThinkPHP\Library\Think\Think.class.php 第 229 行.
NOTIC: [2] Cannot modify header information - headers already sent D:\phpStudy\PHPTutorial\WWW\test\ThinkPHP\Library\Think\Think.class.php 第 230 行.

[ 2018-03-07T11:30:02+08:00 ] 127.0.0.1 /Home/index/cleardata
INFO: [ app_init ] --START--
INFO: Run Behavior\BuildLiteBehavior [ RunTime:0.000012s ]
INFO: [ app_init ] --END-- [ RunTime:0.000723s ]
ERR: 无法加载模块:Home
NOTIC: [2] Cannot modify header information - headers already sent D:\phpStudy\PHPTutorial\WWW\test\ThinkPHP\Library\Think\Think.class.php 第 229 行.
NOTIC: [2] Cannot modify header information - headers already sent D:\phpStudy\PHPTutorial\WWW\test\ThinkPHP\Library\Think\Think.class.php 第 230 行.

[ 2018-03-07T11:30:04+08:00 ] 127.0.0.1 /Home/index/cleardata
INFO: [ app_init ] --START--
INFO: Run Behavior\BuildLiteBehavior [ RunTime:0.000010s ]
INFO: [ app_init ] --END-- [ RunTime:0.000626s ]
ERR: 无法加载模块:Home
NOTIC: [2] Cannot modify header information - headers already sent D:\phpStudy\PHPTutorial\WWW\test\ThinkPHP\Library\Think\Think.class.php 第 229 行.
NOTIC: [2] Cannot modify header information - headers already sent D:\phpStudy\PHPTutorial\WWW\test\ThinkPHP\Library\Think\Think.class.php 第 230 行.

[ 2018-03-07T11:30:06+08:00 ] 127.0.0.1 /Home/index/cleardata
INFO: [ app_init ] --START--
INFO: Run Behavior\BuildLiteBehavior [ RunTime:0.000008s ]
INFO: [ app_init ] --END-- [ RunTime:0.000397s ]
ERR: 无法加载模块:Home
NOTIC: [2] Cannot modify header information - headers already sent D:\phpStudy\PHPTutorial\WWW\test\ThinkPHP\Library\Think\Think.class.php 第 229 行.
NOTIC: [2] Cannot modify header information - headers already sent D:\phpStudy\PHPTutorial\WWW\test\ThinkPHP\Library\Think\Think.class.php 第 230 行.

[ 2018-03-07T11:30:08+08:00 ] 127.0.0.1 /Home/index/cleardata
INFO: [ app_init ] --START--
INFO: Run Behavior\BuildLiteBehavior [ RunTime:0.000012s ]
INFO: [ app_init ] --END-- [ RunTime:0.000529s ]
ERR: 无法加载模块:Home
NOTIC: [2] Cannot modify header information - headers already sent D:\phpStudy\PHPTutorial\WWW\test\ThinkPHP\Library\Think\Think.class.php 第 229 行.
NOTIC: [2] Cannot modify header information - headers already sent D:\phpStudy\PHPTutorial\WWW\test\ThinkPHP\Library\Think\Think.class.php 第 230 行.

[ 2018-03-07T11:30:10+08:00 ] 127.0.0.1 /Home/index/cleardata
INFO: [ app_init ] --START--
INFO: Run Behavior\BuildLiteBehavior [ RunTime:0.000011s ]
INFO: [ app_init ] --END-- [ RunTime:0.000440s ]
ERR: 无法加载模块:Home
NOTIC: [2] Cannot modify header information - headers already sent D:\phpStudy\PHPTutorial\WWW\test\ThinkPHP\Library\Think\Think.class.php 第 229 行.
NOTIC: [2] Cannot modify header information - headers already sent D:\phpStudy\PHPTutorial\WWW\test\ThinkPHP\Library\Think\Think.class.php 第 230 行.

[ 2018-03-07T11:30:12+08:00 ] 127.0.0.1 /Home/index/cleardata
INFO: [ app_init ] --START--
INFO: Run Behavior\BuildLiteBehavior [ RunTime:0.000016s ]
INFO: [ app_init ] --END-- [ RunTime:0.000841s ]
ERR: 无法加载模块:Home
NOTIC: [2] Cannot modify header information - headers already sent D:\phpStudy\PHPTutorial\WWW\test\ThinkPHP\Library\Think\Think.class.php 第 229 行.
NOTIC: [2] Cannot modify header information - headers already sent D:\phpStudy\PHPTutorial\WWW\test\ThinkPHP\Library\Think\Think.class.php 第 230 行.

[ 2018-03-07T11:30:14+08:00 ] 127.0.0.1 /Home/index/cleardata
INFO: [ app_init ] --START--
INFO: Run Behavior\BuildLiteBehavior [ RunTime:0.000015s ]
INFO: [ app_init ] --END-- [ RunTime:0.000714s ]
ERR: 无法加载模块:Home
NOTIC: [2] Cannot modify header information - headers already sent D:\phpStudy\PHPTutorial\WWW\test\ThinkPHP\Library\Think\Think.class.php 第 229 行.
NOTIC: [2] Cannot modify header information - headers already sent D:\phpStudy\PHPTutorial\WWW\test\ThinkPHP\Library\Think\Think.class.php 第 230 行.

[ 2018-03-07T11:30:16+08:00 ] 127.0.0.1 /Home/index/cleardata
INFO: [ app_init ] --START--
INFO: Run Behavior\BuildLiteBehavior [ RunTime:0.000009s ]
INFO: [ app_init ] --END-- [ RunTime:0.000442s ]
ERR: 无法加载模块:Home
NOTIC: [2] Cannot modify header information - headers already sent D:\phpStudy\PHPTutorial\WWW\test\ThinkPHP\Library\Think\Think.class.php 第 229 行.
NOTIC: [2] Cannot modify header information - headers already sent D:\phpStudy\PHPTutorial\WWW\test\ThinkPHP\Library\Think\Think.class.php 第 230 行.

[ 2018-03-07T11:30:18+08:00 ] 127.0.0.1 /Home/index/cleardata
INFO: [ app_init ] --START--
INFO: Run Behavior\BuildLiteBehavior [ RunTime:0.000013s ]
INFO: [ app_init ] --END-- [ RunTime:0.000601s ]
ERR: 无法加载模块:Home
NOTIC: [2] Cannot modify header information - headers already sent D:\phpStudy\PHPTutorial\WWW\test\ThinkPHP\Library\Think\Think.class.php 第 229 行.
NOTIC: [2] Cannot modify header information - headers already sent D:\phpStudy\PHPTutorial\WWW\test\ThinkPHP\Library\Think\Think.class.php 第 230 行.

[ 2018-03-07T11:30:20+08:00 ] 127.0.0.1 /Home/index/cleardata
INFO: [ app_init ] --START--
INFO: Run Behavior\BuildLiteBehavior [ RunTime:0.000012s ]
INFO: [ app_init ] --END-- [ RunTime:0.000608s ]
ERR: 无法加载模块:Home
NOTIC: [2] Cannot modify header information - headers already sent D:\phpStudy\PHPTutorial\WWW\test\ThinkPHP\Library\Think\Think.class.php 第 229 行.
NOTIC: [2] Cannot modify header information - headers already sent D:\phpStudy\PHPTutorial\WWW\test\ThinkPHP\Library\Think\Think.class.php 第 230 行.

[ 2018-03-07T11:30:22+08:00 ] 127.0.0.1 /Home/index/cleardata
INFO: [ app_init ] --START--
INFO: Run Behavior\BuildLiteBehavior [ RunTime:0.000010s ]
INFO: [ app_init ] --END-- [ RunTime:0.000436s ]
ERR: 无法加载模块:Home
NOTIC: [2] Cannot modify header information - headers already sent D:\phpStudy\PHPTutorial\WWW\test\ThinkPHP\Library\Think\Think.class.php 第 229 行.
NOTIC: [2] Cannot modify header information - headers already sent D:\phpStudy\PHPTutorial\WWW\test\ThinkPHP\Library\Think\Think.class.php 第 230 行.

[ 2018-03-07T11:30:24+08:00 ] 127.0.0.1 /Home/index/cleardata
INFO: [ app_init ] --START--
INFO: Run Behavior\BuildLiteBehavior [ RunTime:0.000010s ]
INFO: [ app_init ] --END-- [ RunTime:0.000540s ]
ERR: 无法加载模块:Home
NOTIC: [2] Cannot modify header information - headers already sent D:\phpStudy\PHPTutorial\WWW\test\ThinkPHP\Library\Think\Think.class.php 第 229 行.
NOTIC: [2] Cannot modify header information - headers already sent D:\phpStudy\PHPTutorial\WWW\test\ThinkPHP\Library\Think\Think.class.php 第 230 行.

[ 2018-03-07T11:30:26+08:00 ] 127.0.0.1 /Home/index/cleardata
INFO: [ app_init ] --START--
INFO: Run Behavior\BuildLiteBehavior [ RunTime:0.000011s ]
INFO: [ app_init ] --END-- [ RunTime:0.000518s ]
ERR: 无法加载模块:Home
NOTIC: [2] Cannot modify header information - headers already sent D:\phpStudy\PHPTutorial\WWW\test\ThinkPHP\Library\Think\Think.class.php 第 229 行.
NOTIC: [2] Cannot modify header information - headers already sent D:\phpStudy\PHPTutorial\WWW\test\ThinkPHP\Library\Think\Think.class.php 第 230 行.

[ 2018-03-07T11:30:28+08:00 ] 127.0.0.1 /Home/index/cleardata
INFO: [ app_init ] --START--
INFO: Run Behavior\BuildLiteBehavior [ RunTime:0.000018s ]
INFO: [ app_init ] --END-- [ RunTime:0.000721s ]
ERR: 无法加载模块:Home
NOTIC: [2] Cannot modify header information - headers already sent D:\phpStudy\PHPTutorial\WWW\test\ThinkPHP\Library\Think\Think.class.php 第 229 行.
NOTIC: [2] Cannot modify header information - headers already sent D:\phpStudy\PHPTutorial\WWW\test\ThinkPHP\Library\Think\Think.class.php 第 230 行.

[ 2018-03-07T11:30:30+08:00 ] 127.0.0.1 /Home/index/cleardata
INFO: [ app_init ] --START--
INFO: Run Behavior\BuildLiteBehavior [ RunTime:0.000020s ]
INFO: [ app_init ] --END-- [ RunTime:0.000879s ]
ERR: 无法加载模块:Home
NOTIC: [2] Cannot modify header information - headers already sent D:\phpStudy\PHPTutorial\WWW\test\ThinkPHP\Library\Think\Think.class.php 第 229 行.
NOTIC: [2] Cannot modify header information - headers already sent D:\phpStudy\PHPTutorial\WWW\test\ThinkPHP\Library\Think\Think.class.php 第 230 行.

[ 2018-03-07T11:30:31+08:00 ] 127.0.0.1 /Home/index/shishic
INFO: [ app_init ] --START--
INFO: Run Behavior\BuildLiteBehavior [ RunTime:0.000013s ]
INFO: [ app_init ] --END-- [ RunTime:0.000649s ]
ERR: 无法加载模块:Home
NOTIC: [2] Cannot modify header information - headers already sent D:\phpStudy\PHPTutorial\WWW\test\ThinkPHP\Library\Think\Think.class.php 第 229 行.
NOTIC: [2] Cannot modify header information - headers already sent D:\phpStudy\PHPTutorial\WWW\test\ThinkPHP\Library\Think\Think.class.php 第 230 行.

[ 2018-03-07T11:30:31+08:00 ] 127.0.0.1 /Home/index/pk10
INFO: [ app_init ] --START--
INFO: Run Behavior\BuildLiteBehavior [ RunTime:0.000018s ]
INFO: [ app_init ] --END-- [ RunTime:0.001039s ]
ERR: 无法加载模块:Home
NOTIC: [2] Cannot modify header information - headers already sent D:\phpStudy\PHPTutorial\WWW\test\ThinkPHP\Library\Think\Think.class.php 第 229 行.
NOTIC: [2] Cannot modify header information - headers already sent D:\phpStudy\PHPTutorial\WWW\test\ThinkPHP\Library\Think\Think.class.php 第 230 行.

[ 2018-03-07T11:30:32+08:00 ] 127.0.0.1 /Home/index/cleardata
INFO: [ app_init ] --START--
INFO: Run Behavior\BuildLiteBehavior [ RunTime:0.000018s ]
INFO: [ app_init ] --END-- [ RunTime:0.001140s ]
ERR: 无法加载模块:Home
NOTIC: [2] Cannot modify header information - headers already sent D:\phpStudy\PHPTutorial\WWW\test\ThinkPHP\Library\Think\Think.class.php 第 229 行.
NOTIC: [2] Cannot modify header information - headers already sent D:\phpStudy\PHPTutorial\WWW\test\ThinkPHP\Library\Think\Think.class.php 第 230 行.

[ 2018-03-07T11:30:34+08:00 ] 127.0.0.1 /Home/index/cleardata
INFO: [ app_init ] --START--
INFO: Run Behavior\BuildLiteBehavior [ RunTime:0.000008s ]
INFO: [ app_init ] --END-- [ RunTime:0.000467s ]
ERR: 无法加载模块:Home
NOTIC: [2] Cannot modify header information - headers already sent D:\phpStudy\PHPTutorial\WWW\test\ThinkPHP\Library\Think\Think.class.php 第 229 行.
NOTIC: [2] Cannot modify header information - headers already sent D:\phpStudy\PHPTutorial\WWW\test\ThinkPHP\Library\Think\Think.class.php 第 230 行.

[ 2018-03-07T11:30:36+08:00 ] 127.0.0.1 /Home/index/cleardata
INFO: [ app_init ] --START--
INFO: Run Behavior\BuildLiteBehavior [ RunTime:0.000008s ]
INFO: [ app_init ] --END-- [ RunTime:0.000455s ]
ERR: 无法加载模块:Home
NOTIC: [2] Cannot modify header information - headers already sent D:\phpStudy\PHPTutorial\WWW\test\ThinkPHP\Library\Think\Think.class.php 第 229 行.
NOTIC: [2] Cannot modify header information - headers already sent D:\phpStudy\PHPTutorial\WWW\test\ThinkPHP\Library\Think\Think.class.php 第 230 行.

[ 2018-03-07T11:30:38+08:00 ] 127.0.0.1 /Home/index/cleardata
INFO: [ app_init ] --START--
INFO: Run Behavior\BuildLiteBehavior [ RunTime:0.000012s ]
INFO: [ app_init ] --END-- [ RunTime:0.000607s ]
ERR: 无法加载模块:Home
NOTIC: [2] Cannot modify header information - headers already sent D:\phpStudy\PHPTutorial\WWW\test\ThinkPHP\Library\Think\Think.class.php 第 229 行.
NOTIC: [2] Cannot modify header information - headers already sent D:\phpStudy\PHPTutorial\WWW\test\ThinkPHP\Library\Think\Think.class.php 第 230 行.

[ 2018-03-07T11:30:40+08:00 ] 127.0.0.1 /Home/index/cleardata
INFO: [ app_init ] --START--
INFO: Run Behavior\BuildLiteBehavior [ RunTime:0.000009s ]
INFO: [ app_init ] --END-- [ RunTime:0.000489s ]
ERR: 无法加载模块:Home
NOTIC: [2] Cannot modify header information - headers already sent D:\phpStudy\PHPTutorial\WWW\test\ThinkPHP\Library\Think\Think.class.php 第 229 行.
NOTIC: [2] Cannot modify header information - headers already sent D:\phpStudy\PHPTutorial\WWW\test\ThinkPHP\Library\Think\Think.class.php 第 230 行.

[ 2018-03-07T11:30:42+08:00 ] 127.0.0.1 /Home/index/cleardata
INFO: [ app_init ] --START--
INFO: Run Behavior\BuildLiteBehavior [ RunTime:0.000009s ]
INFO: [ app_init ] --END-- [ RunTime:0.000471s ]
ERR: 无法加载模块:Home
NOTIC: [2] Cannot modify header information - headers already sent D:\phpStudy\PHPTutorial\WWW\test\ThinkPHP\Library\Think\Think.class.php 第 229 行.
NOTIC: [2] Cannot modify header information - headers already sent D:\phpStudy\PHPTutorial\WWW\test\ThinkPHP\Library\Think\Think.class.php 第 230 行.

[ 2018-03-07T11:30:44+08:00 ] 127.0.0.1 /Home/index/cleardata
INFO: [ app_init ] --START--
INFO: Run Behavior\BuildLiteBehavior [ RunTime:0.000013s ]
INFO: [ app_init ] --END-- [ RunTime:0.000945s ]
ERR: 无法加载模块:Home
NOTIC: [2] Cannot modify header information - headers already sent D:\phpStudy\PHPTutorial\WWW\test\ThinkPHP\Library\Think\Think.class.php 第 229 行.
NOTIC: [2] Cannot modify header information - headers already sent D:\phpStudy\PHPTutorial\WWW\test\ThinkPHP\Library\Think\Think.class.php 第 230 行.

[ 2018-03-07T11:30:46+08:00 ] 127.0.0.1 /Home/index/cleardata
INFO: [ app_init ] --START--
INFO: Run Behavior\BuildLiteBehavior [ RunTime:0.000013s ]
INFO: [ app_init ] --END-- [ RunTime:0.000719s ]
ERR: 无法加载模块:Home
NOTIC: [2] Cannot modify header information - headers already sent D:\phpStudy\PHPTutorial\WWW\test\ThinkPHP\Library\Think\Think.class.php 第 229 行.
NOTIC: [2] Cannot modify header information - headers already sent D:\phpStudy\PHPTutorial\WWW\test\ThinkPHP\Library\Think\Think.class.php 第 230 行.

[ 2018-03-07T11:30:48+08:00 ] 127.0.0.1 /Home/index/cleardata
INFO: [ app_init ] --START--
INFO: Run Behavior\BuildLiteBehavior [ RunTime:0.000012s ]
INFO: [ app_init ] --END-- [ RunTime:0.000647s ]
ERR: 无法加载模块:Home
NOTIC: [2] Cannot modify header information - headers already sent D:\phpStudy\PHPTutorial\WWW\test\ThinkPHP\Library\Think\Think.class.php 第 229 行.
NOTIC: [2] Cannot modify header information - headers already sent D:\phpStudy\PHPTutorial\WWW\test\ThinkPHP\Library\Think\Think.class.php 第 230 行.

[ 2018-03-07T11:30:50+08:00 ] 127.0.0.1 /Home/index/cleardata
INFO: [ app_init ] --START--
INFO: Run Behavior\BuildLiteBehavior [ RunTime:0.000010s ]
INFO: [ app_init ] --END-- [ RunTime:0.000501s ]
ERR: 无法加载模块:Home
NOTIC: [2] Cannot modify header information - headers already sent D:\phpStudy\PHPTutorial\WWW\test\ThinkPHP\Library\Think\Think.class.php 第 229 行.
NOTIC: [2] Cannot modify header information - headers already sent D:\phpStudy\PHPTutorial\WWW\test\ThinkPHP\Library\Think\Think.class.php 第 230 行.

[ 2018-03-07T11:30:52+08:00 ] 127.0.0.1 /Home/index/cleardata
INFO: [ app_init ] --START--
INFO: Run Behavior\BuildLiteBehavior [ RunTime:0.000009s ]
INFO: [ app_init ] --END-- [ RunTime:0.000484s ]
ERR: 无法加载模块:Home
NOTIC: [2] Cannot modify header information - headers already sent D:\phpStudy\PHPTutorial\WWW\test\ThinkPHP\Library\Think\Think.class.php 第 229 行.
NOTIC: [2] Cannot modify header information - headers already sent D:\phpStudy\PHPTutorial\WWW\test\ThinkPHP\Library\Think\Think.class.php 第 230 行.

[ 2018-03-07T11:30:54+08:00 ] 127.0.0.1 /Home/index/cleardata
INFO: [ app_init ] --START--
INFO: Run Behavior\BuildLiteBehavior [ RunTime:0.000023s ]
INFO: [ app_init ] --END-- [ RunTime:0.001345s ]
ERR: 无法加载模块:Home
NOTIC: [2] Cannot modify header information - headers already sent D:\phpStudy\PHPTutorial\WWW\test\ThinkPHP\Library\Think\Think.class.php 第 229 行.
NOTIC: [2] Cannot modify header information - headers already sent D:\phpStudy\PHPTutorial\WWW\test\ThinkPHP\Library\Think\Think.class.php 第 230 行.

[ 2018-03-07T11:30:56+08:00 ] 127.0.0.1 /Home/index/cleardata
INFO: [ app_init ] --START--
INFO: Run Behavior\BuildLiteBehavior [ RunTime:0.000012s ]
INFO: [ app_init ] --END-- [ RunTime:0.000663s ]
ERR: 无法加载模块:Home
NOTIC: [2] Cannot modify header information - headers already sent D:\phpStudy\PHPTutorial\WWW\test\ThinkPHP\Library\Think\Think.class.php 第 229 行.
NOTIC: [2] Cannot modify header information - headers already sent D:\phpStudy\PHPTutorial\WWW\test\ThinkPHP\Library\Think\Think.class.php 第 230 行.

[ 2018-03-07T11:30:57+08:00 ] 127.0.0.1 /Home/index/sfctj
INFO: [ app_init ] --START--
INFO: Run Behavior\BuildLiteBehavior [ RunTime:0.000009s ]
INFO: [ app_init ] --END-- [ RunTime:0.000467s ]
ERR: 无法加载模块:Home
NOTIC: [2] Cannot modify header information - headers already sent D:\phpStudy\PHPTutorial\WWW\test\ThinkPHP\Library\Think\Think.class.php 第 229 行.
NOTIC: [2] Cannot modify header information - headers already sent D:\phpStudy\PHPTutorial\WWW\test\ThinkPHP\Library\Think\Think.class.php 第 230 行.

[ 2018-03-07T11:30:58+08:00 ] 127.0.0.1 /Home/index/cleardata
INFO: [ app_init ] --START--
INFO: Run Behavior\BuildLiteBehavior [ RunTime:0.000024s ]
INFO: [ app_init ] --END-- [ RunTime:0.001367s ]
ERR: 无法加载模块:Home
NOTIC: [2] Cannot modify header information - headers already sent D:\phpStudy\PHPTutorial\WWW\test\ThinkPHP\Library\Think\Think.class.php 第 229 行.
NOTIC: [2] Cannot modify header information - headers already sent D:\phpStudy\PHPTutorial\WWW\test\ThinkPHP\Library\Think\Think.class.php 第 230 行.

[ 2018-03-07T11:30:59+08:00 ] 127.0.0.1 /Home/index/ffctj
INFO: [ app_init ] --START--
INFO: Run Behavior\BuildLiteBehavior [ RunTime:0.000013s ]
INFO: [ app_init ] --END-- [ RunTime:0.000843s ]
ERR: 无法加载模块:Home
NOTIC: [2] Cannot modify header information - headers already sent D:\phpStudy\PHPTutorial\WWW\test\ThinkPHP\Library\Think\Think.class.php 第 229 行.
NOTIC: [2] Cannot modify header information - headers already sent D:\phpStudy\PHPTutorial\WWW\test\ThinkPHP\Library\Think\Think.class.php 第 230 行.

[ 2018-03-07T11:31:00+08:00 ] 127.0.0.1 /Home/index/cleardata
INFO: [ app_init ] --START--
INFO: Run Behavior\BuildLiteBehavior [ RunTime:0.000015s ]
INFO: [ app_init ] --END-- [ RunTime:0.000834s ]
ERR: 无法加载模块:Home
NOTIC: [2] Cannot modify header information - headers already sent D:\phpStudy\PHPTutorial\WWW\test\ThinkPHP\Library\Think\Think.class.php 第 229 行.
NOTIC: [2] Cannot modify header information - headers already sent D:\phpStudy\PHPTutorial\WWW\test\ThinkPHP\Library\Think\Think.class.php 第 230 行.

[ 2018-03-07T11:31:02+08:00 ] 127.0.0.1 /Home/index/shishic
INFO: [ app_init ] --START--
INFO: Run Behavior\BuildLiteBehavior [ RunTime:0.000015s ]
INFO: [ app_init ] --END-- [ RunTime:0.000776s ]
ERR: 无法加载模块:Home
NOTIC: [2] Cannot modify header information - headers already sent D:\phpStudy\PHPTutorial\WWW\test\ThinkPHP\Library\Think\Think.class.php 第 229 行.
NOTIC: [2] Cannot modify header information - headers already sent D:\phpStudy\PHPTutorial\WWW\test\ThinkPHP\Library\Think\Think.class.php 第 230 行.

[ 2018-03-07T11:31:02+08:00 ] 127.0.0.1 /Home/index/pk10
INFO: [ app_init ] --START--
INFO: Run Behavior\BuildLiteBehavior [ RunTime:0.000013s ]
INFO: [ app_init ] --END-- [ RunTime:0.000616s ]
ERR: 无法加载模块:Home
NOTIC: [2] Cannot modify header information - headers already sent D:\phpStudy\PHPTutorial\WWW\test\ThinkPHP\Library\Think\Think.class.php 第 229 行.
NOTIC: [2] Cannot modify header information - headers already sent D:\phpStudy\PHPTutorial\WWW\test\ThinkPHP\Library\Think\Think.class.php 第 230 行.

[ 2018-03-07T11:31:03+08:00 ] 127.0.0.1 /Home/index/cleardata
INFO: [ app_init ] --START--
INFO: Run Behavior\BuildLiteBehavior [ RunTime:0.000016s ]
INFO: [ app_init ] --END-- [ RunTime:0.000684s ]
ERR: 无法加载模块:Home
NOTIC: [2] Cannot modify header information - headers already sent D:\phpStudy\PHPTutorial\WWW\test\ThinkPHP\Library\Think\Think.class.php 第 229 行.
NOTIC: [2] Cannot modify header information - headers already sent D:\phpStudy\PHPTutorial\WWW\test\ThinkPHP\Library\Think\Think.class.php 第 230 行.

[ 2018-03-07T11:31:03+08:00 ] 127.0.0.1 /Home/index/cleardata
INFO: [ app_init ] --START--
INFO: Run Behavior\BuildLiteBehavior [ RunTime:0.000009s ]
INFO: [ app_init ] --END-- [ RunTime:0.000406s ]
ERR: 无法加载模块:Home
NOTIC: [2] Cannot modify header information - headers already sent D:\phpStudy\PHPTutorial\WWW\test\ThinkPHP\Library\Think\Think.class.php 第 229 行.
NOTIC: [2] Cannot modify header information - headers already sent D:\phpStudy\PHPTutorial\WWW\test\ThinkPHP\Library\Think\Think.class.php 第 230 行.

[ 2018-03-07T11:31:05+08:00 ] 127.0.0.1 /Home/index/cleardata
INFO: [ app_init ] --START--
INFO: Run Behavior\BuildLiteBehavior [ RunTime:0.000013s ]
INFO: [ app_init ] --END-- [ RunTime:0.000665s ]
ERR: 无法加载模块:Home
NOTIC: [2] Cannot modify header information - headers already sent D:\phpStudy\PHPTutorial\WWW\test\ThinkPHP\Library\Think\Think.class.php 第 229 行.
NOTIC: [2] Cannot modify header information - headers already sent D:\phpStudy\PHPTutorial\WWW\test\ThinkPHP\Library\Think\Think.class.php 第 230 行.

[ 2018-03-07T11:31:07+08:00 ] 127.0.0.1 /Home/index/cleardata
INFO: [ app_init ] --START--
INFO: Run Behavior\BuildLiteBehavior [ RunTime:0.000017s ]
INFO: [ app_init ] --END-- [ RunTime:0.000828s ]
ERR: 无法加载模块:Home
NOTIC: [2] Cannot modify header information - headers already sent D:\phpStudy\PHPTutorial\WWW\test\ThinkPHP\Library\Think\Think.class.php 第 229 行.
NOTIC: [2] Cannot modify header information - headers already sent D:\phpStudy\PHPTutorial\WWW\test\ThinkPHP\Library\Think\Think.class.php 第 230 行.

[ 2018-03-07T11:31:09+08:00 ] 127.0.0.1 /Home/index/cleardata
INFO: [ app_init ] --START--
INFO: Run Behavior\BuildLiteBehavior [ RunTime:0.000013s ]
INFO: [ app_init ] --END-- [ RunTime:0.000609s ]
ERR: 无法加载模块:Home
NOTIC: [2] Cannot modify header information - headers already sent D:\phpStudy\PHPTutorial\WWW\test\ThinkPHP\Library\Think\Think.class.php 第 229 行.
NOTIC: [2] Cannot modify header information - headers already sent D:\phpStudy\PHPTutorial\WWW\test\ThinkPHP\Library\Think\Think.class.php 第 230 行.

[ 2018-03-07T11:31:11+08:00 ] 127.0.0.1 /Home/index/cleardata
INFO: [ app_init ] --START--
INFO: Run Behavior\BuildLiteBehavior [ RunTime:0.000012s ]
INFO: [ app_init ] --END-- [ RunTime:0.000604s ]
ERR: 无法加载模块:Home
NOTIC: [2] Cannot modify header information - headers already sent D:\phpStudy\PHPTutorial\WWW\test\ThinkPHP\Library\Think\Think.class.php 第 229 行.
NOTIC: [2] Cannot modify header information - headers already sent D:\phpStudy\PHPTutorial\WWW\test\ThinkPHP\Library\Think\Think.class.php 第 230 行.

[ 2018-03-07T11:31:13+08:00 ] 127.0.0.1 /Home/index/cleardata
INFO: [ app_init ] --START--
INFO: Run Behavior\BuildLiteBehavior [ RunTime:0.000010s ]
INFO: [ app_init ] --END-- [ RunTime:0.000425s ]
ERR: 无法加载模块:Home
NOTIC: [2] Cannot modify header information - headers already sent D:\phpStudy\PHPTutorial\WWW\test\ThinkPHP\Library\Think\Think.class.php 第 229 行.
NOTIC: [2] Cannot modify header information - headers already sent D:\phpStudy\PHPTutorial\WWW\test\ThinkPHP\Library\Think\Think.class.php 第 230 行.

[ 2018-03-07T11:31:15+08:00 ] 127.0.0.1 /Home/index/cleardata
INFO: [ app_init ] --START--
INFO: Run Behavior\BuildLiteBehavior [ RunTime:0.000014s ]
INFO: [ app_init ] --END-- [ RunTime:0.000706s ]
ERR: 无法加载模块:Home
NOTIC: [2] Cannot modify header information - headers already sent D:\phpStudy\PHPTutorial\WWW\test\ThinkPHP\Library\Think\Think.class.php 第 229 行.
NOTIC: [2] Cannot modify header information - headers already sent D:\phpStudy\PHPTutorial\WWW\test\ThinkPHP\Library\Think\Think.class.php 第 230 行.

[ 2018-03-07T11:31:17+08:00 ] 127.0.0.1 /Home/index/cleardata
INFO: [ app_init ] --START--
INFO: Run Behavior\BuildLiteBehavior [ RunTime:0.000017s ]
INFO: [ app_init ] --END-- [ RunTime:0.000853s ]
ERR: 无法加载模块:Home
NOTIC: [2] Cannot modify header information - headers already sent D:\phpStudy\PHPTutorial\WWW\test\ThinkPHP\Library\Think\Think.class.php 第 229 行.
NOTIC: [2] Cannot modify header information - headers already sent D:\phpStudy\PHPTutorial\WWW\test\ThinkPHP\Library\Think\Think.class.php 第 230 行.

[ 2018-03-07T11:31:19+08:00 ] 127.0.0.1 /Home/index/cleardata
INFO: [ app_init ] --START--
INFO: Run Behavior\BuildLiteBehavior [ RunTime:0.000011s ]
INFO: [ app_init ] --END-- [ RunTime:0.000434s ]
ERR: 无法加载模块:Home
NOTIC: [2] Cannot modify header information - headers already sent D:\phpStudy\PHPTutorial\WWW\test\ThinkPHP\Library\Think\Think.class.php 第 229 行.
NOTIC: [2] Cannot modify header information - headers already sent D:\phpStudy\PHPTutorial\WWW\test\ThinkPHP\Library\Think\Think.class.php 第 230 行.

[ 2018-03-07T11:31:21+08:00 ] 127.0.0.1 /Home/index/cleardata
INFO: [ app_init ] --START--
INFO: Run Behavior\BuildLiteBehavior [ RunTime:0.000016s ]
INFO: [ app_init ] --END-- [ RunTime:0.000834s ]
ERR: 无法加载模块:Home
NOTIC: [2] Cannot modify header information - headers already sent D:\phpStudy\PHPTutorial\WWW\test\ThinkPHP\Library\Think\Think.class.php 第 229 行.
NOTIC: [2] Cannot modify header information - headers already sent D:\phpStudy\PHPTutorial\WWW\test\ThinkPHP\Library\Think\Think.class.php 第 230 行.

[ 2018-03-07T11:31:23+08:00 ] 127.0.0.1 /Home/index/cleardata
INFO: [ app_init ] --START--
INFO: Run Behavior\BuildLiteBehavior [ RunTime:0.000010s ]
INFO: [ app_init ] --END-- [ RunTime:0.000434s ]
ERR: 无法加载模块:Home
NOTIC: [2] Cannot modify header information - headers already sent D:\phpStudy\PHPTutorial\WWW\test\ThinkPHP\Library\Think\Think.class.php 第 229 行.
NOTIC: [2] Cannot modify header information - headers already sent D:\phpStudy\PHPTutorial\WWW\test\ThinkPHP\Library\Think\Think.class.php 第 230 行.

[ 2018-03-07T11:31:25+08:00 ] 127.0.0.1 /Home/index/cleardata
INFO: [ app_init ] --START--
INFO: Run Behavior\BuildLiteBehavior [ RunTime:0.000015s ]
INFO: [ app_init ] --END-- [ RunTime:0.000703s ]
ERR: 无法加载模块:Home
NOTIC: [2] Cannot modify header information - headers already sent D:\phpStudy\PHPTutorial\WWW\test\ThinkPHP\Library\Think\Think.class.php 第 229 行.
NOTIC: [2] Cannot modify header information - headers already sent D:\phpStudy\PHPTutorial\WWW\test\ThinkPHP\Library\Think\Think.class.php 第 230 行.

[ 2018-03-07T11:31:27+08:00 ] 127.0.0.1 /Home/index/cleardata
INFO: [ app_init ] --START--
INFO: Run Behavior\BuildLiteBehavior [ RunTime:0.000017s ]
INFO: [ app_init ] --END-- [ RunTime:0.000858s ]
ERR: 无法加载模块:Home
NOTIC: [2] Cannot modify header information - headers already sent D:\phpStudy\PHPTutorial\WWW\test\ThinkPHP\Library\Think\Think.class.php 第 229 行.
NOTIC: [2] Cannot modify header information - headers already sent D:\phpStudy\PHPTutorial\WWW\test\ThinkPHP\Library\Think\Think.class.php 第 230 行.

[ 2018-03-07T11:31:29+08:00 ] 127.0.0.1 /Home/index/cleardata
INFO: [ app_init ] --START--
INFO: Run Behavior\BuildLiteBehavior [ RunTime:0.000013s ]
INFO: [ app_init ] --END-- [ RunTime:0.000609s ]
ERR: 无法加载模块:Home
NOTIC: [2] Cannot modify header information - headers already sent D:\phpStudy\PHPTutorial\WWW\test\ThinkPHP\Library\Think\Think.class.php 第 229 行.
NOTIC: [2] Cannot modify header information - headers already sent D:\phpStudy\PHPTutorial\WWW\test\ThinkPHP\Library\Think\Think.class.php 第 230 行.

[ 2018-03-07T11:31:31+08:00 ] 127.0.0.1 /Home/index/cleardata
INFO: [ app_init ] --START--
INFO: Run Behavior\BuildLiteBehavior [ RunTime:0.000009s ]
INFO: [ app_init ] --END-- [ RunTime:0.000409s ]
ERR: 无法加载模块:Home
NOTIC: [2] Cannot modify header information - headers already sent D:\phpStudy\PHPTutorial\WWW\test\ThinkPHP\Library\Think\Think.class.php 第 229 行.
NOTIC: [2] Cannot modify header information - headers already sent D:\phpStudy\PHPTutorial\WWW\test\ThinkPHP\Library\Think\Think.class.php 第 230 行.

[ 2018-03-07T11:31:33+08:00 ] 127.0.0.1 /Home/index/shishic
INFO: [ app_init ] --START--
INFO: Run Behavior\BuildLiteBehavior [ RunTime:0.000010s ]
INFO: [ app_init ] --END-- [ RunTime:0.000962s ]
ERR: 无法加载模块:Home
NOTIC: [2] Cannot modify header information - headers already sent D:\phpStudy\PHPTutorial\WWW\test\ThinkPHP\Library\Think\Think.class.php 第 229 行.
NOTIC: [2] Cannot modify header information - headers already sent D:\phpStudy\PHPTutorial\WWW\test\ThinkPHP\Library\Think\Think.class.php 第 230 行.

[ 2018-03-07T11:31:33+08:00 ] 127.0.0.1 /Home/index/pk10
INFO: [ app_init ] --START--
INFO: Run Behavior\BuildLiteBehavior [ RunTime:0.000015s ]
INFO: [ app_init ] --END-- [ RunTime:0.000790s ]
ERR: 无法加载模块:Home
NOTIC: [2] Cannot modify header information - headers already sent D:\phpStudy\PHPTutorial\WWW\test\ThinkPHP\Library\Think\Think.class.php 第 229 行.
NOTIC: [2] Cannot modify header information - headers already sent D:\phpStudy\PHPTutorial\WWW\test\ThinkPHP\Library\Think\Think.class.php 第 230 行.

[ 2018-03-07T11:31:34+08:00 ] 127.0.0.1 /Home/index/cleardata
INFO: [ app_init ] --START--
INFO: Run Behavior\BuildLiteBehavior [ RunTime:0.000018s ]
INFO: [ app_init ] --END-- [ RunTime:0.001301s ]
ERR: 无法加载模块:Home
NOTIC: [2] Cannot modify header information - headers already sent D:\phpStudy\PHPTutorial\WWW\test\ThinkPHP\Library\Think\Think.class.php 第 229 行.
NOTIC: [2] Cannot modify header information - headers already sent D:\phpStudy\PHPTutorial\WWW\test\ThinkPHP\Library\Think\Think.class.php 第 230 行.

[ 2018-03-07T11:31:35+08:00 ] 127.0.0.1 /Home/index/cleardata
INFO: [ app_init ] --START--
INFO: Run Behavior\BuildLiteBehavior [ RunTime:0.000017s ]
INFO: [ app_init ] --END-- [ RunTime:0.001069s ]
ERR: 无法加载模块:Home
NOTIC: [2] Cannot modify header information - headers already sent D:\phpStudy\PHPTutorial\WWW\test\ThinkPHP\Library\Think\Think.class.php 第 229 行.
NOTIC: [2] Cannot modify header information - headers already sent D:\phpStudy\PHPTutorial\WWW\test\ThinkPHP\Library\Think\Think.class.php 第 230 行.

[ 2018-03-07T11:31:37+08:00 ] 127.0.0.1 /Home/index/cleardata
INFO: [ app_init ] --START--
INFO: Run Behavior\BuildLiteBehavior [ RunTime:0.000016s ]
INFO: [ app_init ] --END-- [ RunTime:0.000877s ]
ERR: 无法加载模块:Home
NOTIC: [2] Cannot modify header information - headers already sent D:\phpStudy\PHPTutorial\WWW\test\ThinkPHP\Library\Think\Think.class.php 第 229 行.
NOTIC: [2] Cannot modify header information - headers already sent D:\phpStudy\PHPTutorial\WWW\test\ThinkPHP\Library\Think\Think.class.php 第 230 行.

[ 2018-03-07T11:31:39+08:00 ] 127.0.0.1 /Home/index/cleardata
INFO: [ app_init ] --START--
INFO: Run Behavior\BuildLiteBehavior [ RunTime:0.000008s ]
INFO: [ app_init ] --END-- [ RunTime:0.000499s ]
ERR: 无法加载模块:Home
NOTIC: [2] Cannot modify header information - headers already sent D:\phpStudy\PHPTutorial\WWW\test\ThinkPHP\Library\Think\Think.class.php 第 229 行.
NOTIC: [2] Cannot modify header information - headers already sent D:\phpStudy\PHPTutorial\WWW\test\ThinkPHP\Library\Think\Think.class.php 第 230 行.

[ 2018-03-07T11:31:41+08:00 ] 127.0.0.1 /Home/index/cleardata
INFO: [ app_init ] --START--
INFO: Run Behavior\BuildLiteBehavior [ RunTime:0.000016s ]
INFO: [ app_init ] --END-- [ RunTime:0.001302s ]
ERR: 无法加载模块:Home
NOTIC: [2] Cannot modify header information - headers already sent D:\phpStudy\PHPTutorial\WWW\test\ThinkPHP\Library\Think\Think.class.php 第 229 行.
NOTIC: [2] Cannot modify header information - headers already sent D:\phpStudy\PHPTutorial\WWW\test\ThinkPHP\Library\Think\Think.class.php 第 230 行.

[ 2018-03-07T11:31:43+08:00 ] 127.0.0.1 /Home/index/cleardata
INFO: [ app_init ] --START--
INFO: Run Behavior\BuildLiteBehavior [ RunTime:0.000013s ]
INFO: [ app_init ] --END-- [ RunTime:0.001226s ]
ERR: 无法加载模块:Home
NOTIC: [2] Cannot modify header information - headers already sent D:\phpStudy\PHPTutorial\WWW\test\ThinkPHP\Library\Think\Think.class.php 第 229 行.
NOTIC: [2] Cannot modify header information - headers already sent D:\phpStudy\PHPTutorial\WWW\test\ThinkPHP\Library\Think\Think.class.php 第 230 行.

[ 2018-03-07T11:31:45+08:00 ] 127.0.0.1 /Home/index/cleardata
INFO: [ app_init ] --START--
INFO: Run Behavior\BuildLiteBehavior [ RunTime:0.000043s ]
INFO: [ app_init ] --END-- [ RunTime:0.001132s ]
ERR: 无法加载模块:Home
NOTIC: [2] Cannot modify header information - headers already sent D:\phpStudy\PHPTutorial\WWW\test\ThinkPHP\Library\Think\Think.class.php 第 229 行.
NOTIC: [2] Cannot modify header information - headers already sent D:\phpStudy\PHPTutorial\WWW\test\ThinkPHP\Library\Think\Think.class.php 第 230 行.

[ 2018-03-07T11:31:47+08:00 ] 127.0.0.1 /Home/index/cleardata
INFO: [ app_init ] --START--
INFO: Run Behavior\BuildLiteBehavior [ RunTime:0.000012s ]
INFO: [ app_init ] --END-- [ RunTime:0.000694s ]
ERR: 无法加载模块:Home
NOTIC: [2] Cannot modify header information - headers already sent D:\phpStudy\PHPTutorial\WWW\test\ThinkPHP\Library\Think\Think.class.php 第 229 行.
NOTIC: [2] Cannot modify header information - headers already sent D:\phpStudy\PHPTutorial\WWW\test\ThinkPHP\Library\Think\Think.class.php 第 230 行.

[ 2018-03-07T11:31:49+08:00 ] 127.0.0.1 /Home/index/cleardata
INFO: [ app_init ] --START--
INFO: Run Behavior\BuildLiteBehavior [ RunTime:0.000017s ]
INFO: [ app_init ] --END-- [ RunTime:0.001344s ]
ERR: 无法加载模块:Home
NOTIC: [2] Cannot modify header information - headers already sent D:\phpStudy\PHPTutorial\WWW\test\ThinkPHP\Library\Think\Think.class.php 第 229 行.
NOTIC: [2] Cannot modify header information - headers already sent D:\phpStudy\PHPTutorial\WWW\test\ThinkPHP\Library\Think\Think.class.php 第 230 行.

[ 2018-03-07T11:31:51+08:00 ] 127.0.0.1 /Home/index/cleardata
INFO: [ app_init ] --START--
INFO: Run Behavior\BuildLiteBehavior [ RunTime:0.000017s ]
INFO: [ app_init ] --END-- [ RunTime:0.000824s ]
ERR: 无法加载模块:Home
NOTIC: [2] Cannot modify header information - headers already sent D:\phpStudy\PHPTutorial\WWW\test\ThinkPHP\Library\Think\Think.class.php 第 229 行.
NOTIC: [2] Cannot modify header information - headers already sent D:\phpStudy\PHPTutorial\WWW\test\ThinkPHP\Library\Think\Think.class.php 第 230 行.

[ 2018-03-07T11:31:53+08:00 ] 127.0.0.1 /Home/index/cleardata
INFO: [ app_init ] --START--
INFO: Run Behavior\BuildLiteBehavior [ RunTime:0.000013s ]
INFO: [ app_init ] --END-- [ RunTime:0.000763s ]
ERR: 无法加载模块:Home
NOTIC: [2] Cannot modify header information - headers already sent D:\phpStudy\PHPTutorial\WWW\test\ThinkPHP\Library\Think\Think.class.php 第 229 行.
NOTIC: [2] Cannot modify header information - headers already sent D:\phpStudy\PHPTutorial\WWW\test\ThinkPHP\Library\Think\Think.class.php 第 230 行.

[ 2018-03-07T11:31:55+08:00 ] 127.0.0.1 /Home/index/cleardata
INFO: [ app_init ] --START--
INFO: Run Behavior\BuildLiteBehavior [ RunTime:0.000010s ]
INFO: [ app_init ] --END-- [ RunTime:0.000349s ]
ERR: 无法加载模块:Home
NOTIC: [2] Cannot modify header information - headers already sent D:\phpStudy\PHPTutorial\WWW\test\ThinkPHP\Library\Think\Think.class.php 第 229 行.
NOTIC: [2] Cannot modify header information - headers already sent D:\phpStudy\PHPTutorial\WWW\test\ThinkPHP\Library\Think\Think.class.php 第 230 行.

[ 2018-03-07T11:31:57+08:00 ] 127.0.0.1 /Home/index/cleardata
INFO: [ app_init ] --START--
INFO: Run Behavior\BuildLiteBehavior [ RunTime:0.000012s ]
INFO: [ app_init ] --END-- [ RunTime:0.000408s ]
ERR: 无法加载模块:Home
NOTIC: [2] Cannot modify header information - headers already sent D:\phpStudy\PHPTutorial\WWW\test\ThinkPHP\Library\Think\Think.class.php 第 229 行.
NOTIC: [2] Cannot modify header information - headers already sent D:\phpStudy\PHPTutorial\WWW\test\ThinkPHP\Library\Think\Think.class.php 第 230 行.

[ 2018-03-07T11:31:59+08:00 ] 127.0.0.1 /Home/index/cleardata
INFO: [ app_init ] --START--
INFO: Run Behavior\BuildLiteBehavior [ RunTime:0.000009s ]
INFO: [ app_init ] --END-- [ RunTime:0.000304s ]
ERR: 无法加载模块:Home
NOTIC: [2] Cannot modify header information - headers already sent D:\phpStudy\PHPTutorial\WWW\test\ThinkPHP\Library\Think\Think.class.php 第 229 行.
NOTIC: [2] Cannot modify header information - headers already sent D:\phpStudy\PHPTutorial\WWW\test\ThinkPHP\Library\Think\Think.class.php 第 230 行.

[ 2018-03-07T11:31:59+08:00 ] 127.0.0.1 /Home/index/ffctj
INFO: [ app_init ] --START--
INFO: Run Behavior\BuildLiteBehavior [ RunTime:0.000011s ]
INFO: [ app_init ] --END-- [ RunTime:0.000368s ]
ERR: 无法加载模块:Home
NOTIC: [2] Cannot modify header information - headers already sent D:\phpStudy\PHPTutorial\WWW\test\ThinkPHP\Library\Think\Think.class.php 第 229 行.
NOTIC: [2] Cannot modify header information - headers already sent D:\phpStudy\PHPTutorial\WWW\test\ThinkPHP\Library\Think\Think.class.php 第 230 行.

[ 2018-03-07T11:32:01+08:00 ] 127.0.0.1 /Home/index/cleardata
INFO: [ app_init ] --START--
INFO: Run Behavior\BuildLiteBehavior [ RunTime:0.000016s ]
INFO: [ app_init ] --END-- [ RunTime:0.000549s ]
ERR: 无法加载模块:Home
NOTIC: [2] Cannot modify header information - headers already sent D:\phpStudy\PHPTutorial\WWW\test\ThinkPHP\Library\Think\Think.class.php 第 229 行.
NOTIC: [2] Cannot modify header information - headers already sent D:\phpStudy\PHPTutorial\WWW\test\ThinkPHP\Library\Think\Think.class.php 第 230 行.

[ 2018-03-07T11:32:03+08:00 ] 127.0.0.1 /Home/index/cleardata
INFO: [ app_init ] --START--
INFO: Run Behavior\BuildLiteBehavior [ RunTime:0.000021s ]
INFO: [ app_init ] --END-- [ RunTime:0.000938s ]
ERR: 无法加载模块:Home
NOTIC: [2] Cannot modify header information - headers already sent D:\phpStudy\PHPTutorial\WWW\test\ThinkPHP\Library\Think\Think.class.php 第 229 行.
NOTIC: [2] Cannot modify header information - headers already sent D:\phpStudy\PHPTutorial\WWW\test\ThinkPHP\Library\Think\Think.class.php 第 230 行.

[ 2018-03-07T11:32:04+08:00 ] 127.0.0.1 /Home/index/pk10
INFO: [ app_init ] --START--
INFO: Run Behavior\BuildLiteBehavior [ RunTime:0.000012s ]
INFO: [ app_init ] --END-- [ RunTime:0.000371s ]
ERR: 无法加载模块:Home
NOTIC: [2] Cannot modify header information - headers already sent D:\phpStudy\PHPTutorial\WWW\test\ThinkPHP\Library\Think\Think.class.php 第 229 行.
NOTIC: [2] Cannot modify header information - headers already sent D:\phpStudy\PHPTutorial\WWW\test\ThinkPHP\Library\Think\Think.class.php 第 230 行.

[ 2018-03-07T11:32:04+08:00 ] 127.0.0.1 /Home/index/shishic
INFO: [ app_init ] --START--
INFO: Run Behavior\BuildLiteBehavior [ RunTime:0.000010s ]
INFO: [ app_init ] --END-- [ RunTime:0.000358s ]
ERR: 无法加载模块:Home
NOTIC: [2] Cannot modify header information - headers already sent D:\phpStudy\PHPTutorial\WWW\test\ThinkPHP\Library\Think\Think.class.php 第 229 行.
NOTIC: [2] Cannot modify header information - headers already sent D:\phpStudy\PHPTutorial\WWW\test\ThinkPHP\Library\Think\Think.class.php 第 230 行.

[ 2018-03-07T11:32:05+08:00 ] 127.0.0.1 /Home/index/cleardata
INFO: [ app_init ] --START--
INFO: Run Behavior\BuildLiteBehavior [ RunTime:0.000010s ]
INFO: [ app_init ] --END-- [ RunTime:0.000315s ]
ERR: 无法加载模块:Home
NOTIC: [2] Cannot modify header information - headers already sent D:\phpStudy\PHPTutorial\WWW\test\ThinkPHP\Library\Think\Think.class.php 第 229 行.
NOTIC: [2] Cannot modify header information - headers already sent D:\phpStudy\PHPTutorial\WWW\test\ThinkPHP\Library\Think\Think.class.php 第 230 行.

[ 2018-03-07T11:32:07+08:00 ] 127.0.0.1 /Home/index/cleardata
INFO: [ app_init ] --START--
INFO: Run Behavior\BuildLiteBehavior [ RunTime:0.000014s ]
INFO: [ app_init ] --END-- [ RunTime:0.000529s ]
ERR: 无法加载模块:Home
NOTIC: [2] Cannot modify header information - headers already sent D:\phpStudy\PHPTutorial\WWW\test\ThinkPHP\Library\Think\Think.class.php 第 229 行.
NOTIC: [2] Cannot modify header information - headers already sent D:\phpStudy\PHPTutorial\WWW\test\ThinkPHP\Library\Think\Think.class.php 第 230 行.

[ 2018-03-07T11:32:09+08:00 ] 127.0.0.1 /Home/index/cleardata
INFO: [ app_init ] --START--
INFO: Run Behavior\BuildLiteBehavior [ RunTime:0.000011s ]
INFO: [ app_init ] --END-- [ RunTime:0.000424s ]
ERR: 无法加载模块:Home
NOTIC: [2] Cannot modify header information - headers already sent D:\phpStudy\PHPTutorial\WWW\test\ThinkPHP\Library\Think\Think.class.php 第 229 行.
NOTIC: [2] Cannot modify header information - headers already sent D:\phpStudy\PHPTutorial\WWW\test\ThinkPHP\Library\Think\Think.class.php 第 230 行.

[ 2018-03-07T11:32:11+08:00 ] 127.0.0.1 /Home/index/cleardata
INFO: [ app_init ] --START--
INFO: Run Behavior\BuildLiteBehavior [ RunTime:0.000015s ]
INFO: [ app_init ] --END-- [ RunTime:0.000585s ]
ERR: 无法加载模块:Home
NOTIC: [2] Cannot modify header information - headers already sent D:\phpStudy\PHPTutorial\WWW\test\ThinkPHP\Library\Think\Think.class.php 第 229 行.
NOTIC: [2] Cannot modify header information - headers already sent D:\phpStudy\PHPTutorial\WWW\test\ThinkPHP\Library\Think\Think.class.php 第 230 行.

[ 2018-03-07T11:32:13+08:00 ] 127.0.0.1 /Home/index/cleardata
INFO: [ app_init ] --START--
INFO: Run Behavior\BuildLiteBehavior [ RunTime:0.000008s ]
INFO: [ app_init ] --END-- [ RunTime:0.000281s ]
ERR: 无法加载模块:Home
NOTIC: [2] Cannot modify header information - headers already sent D:\phpStudy\PHPTutorial\WWW\test\ThinkPHP\Library\Think\Think.class.php 第 229 行.
NOTIC: [2] Cannot modify header information - headers already sent D:\phpStudy\PHPTutorial\WWW\test\ThinkPHP\Library\Think\Think.class.php 第 230 行.

[ 2018-03-07T11:32:15+08:00 ] 127.0.0.1 /Home/index/cleardata
INFO: [ app_init ] --START--
INFO: Run Behavior\BuildLiteBehavior [ RunTime:0.000012s ]
INFO: [ app_init ] --END-- [ RunTime:0.000379s ]
ERR: 无法加载模块:Home
NOTIC: [2] Cannot modify header information - headers already sent D:\phpStudy\PHPTutorial\WWW\test\ThinkPHP\Library\Think\Think.class.php 第 229 行.
NOTIC: [2] Cannot modify header information - headers already sent D:\phpStudy\PHPTutorial\WWW\test\ThinkPHP\Library\Think\Think.class.php 第 230 行.

[ 2018-03-07T11:32:17+08:00 ] 127.0.0.1 /Home/index/cleardata
INFO: [ app_init ] --START--
INFO: Run Behavior\BuildLiteBehavior [ RunTime:0.000008s ]
INFO: [ app_init ] --END-- [ RunTime:0.000295s ]
ERR: 无法加载模块:Home
NOTIC: [2] Cannot modify header information - headers already sent D:\phpStudy\PHPTutorial\WWW\test\ThinkPHP\Library\Think\Think.class.php 第 229 行.
NOTIC: [2] Cannot modify header information - headers already sent D:\phpStudy\PHPTutorial\WWW\test\ThinkPHP\Library\Think\Think.class.php 第 230 行.

[ 2018-03-07T11:32:19+08:00 ] 127.0.0.1 /Home/index/cleardata
INFO: [ app_init ] --START--
INFO: Run Behavior\BuildLiteBehavior [ RunTime:0.000012s ]
INFO: [ app_init ] --END-- [ RunTime:0.000392s ]
ERR: 无法加载模块:Home
NOTIC: [2] Cannot modify header information - headers already sent D:\phpStudy\PHPTutorial\WWW\test\ThinkPHP\Library\Think\Think.class.php 第 229 行.
NOTIC: [2] Cannot modify header information - headers already sent D:\phpStudy\PHPTutorial\WWW\test\ThinkPHP\Library\Think\Think.class.php 第 230 行.

[ 2018-03-07T11:32:21+08:00 ] 127.0.0.1 /Home/index/cleardata
INFO: [ app_init ] --START--
INFO: Run Behavior\BuildLiteBehavior [ RunTime:0.000015s ]
INFO: [ app_init ] --END-- [ RunTime:0.000511s ]
ERR: 无法加载模块:Home
NOTIC: [2] Cannot modify header information - headers already sent D:\phpStudy\PHPTutorial\WWW\test\ThinkPHP\Library\Think\Think.class.php 第 229 行.
NOTIC: [2] Cannot modify header information - headers already sent D:\phpStudy\PHPTutorial\WWW\test\ThinkPHP\Library\Think\Think.class.php 第 230 行.

[ 2018-03-07T11:32:23+08:00 ] 127.0.0.1 /Home/index/cleardata
INFO: [ app_init ] --START--
INFO: Run Behavior\BuildLiteBehavior [ RunTime:0.000011s ]
INFO: [ app_init ] --END-- [ RunTime:0.000429s ]
ERR: 无法加载模块:Home
NOTIC: [2] Cannot modify header information - headers already sent D:\phpStudy\PHPTutorial\WWW\test\ThinkPHP\Library\Think\Think.class.php 第 229 行.
NOTIC: [2] Cannot modify header information - headers already sent D:\phpStudy\PHPTutorial\WWW\test\ThinkPHP\Library\Think\Think.class.php 第 230 行.

[ 2018-03-07T11:32:25+08:00 ] 127.0.0.1 /Home/index/cleardata
INFO: [ app_init ] --START--
INFO: Run Behavior\BuildLiteBehavior [ RunTime:0.000020s ]
INFO: [ app_init ] --END-- [ RunTime:0.000731s ]
ERR: 无法加载模块:Home
NOTIC: [2] Cannot modify header information - headers already sent D:\phpStudy\PHPTutorial\WWW\test\ThinkPHP\Library\Think\Think.class.php 第 229 行.
NOTIC: [2] Cannot modify header information - headers already sent D:\phpStudy\PHPTutorial\WWW\test\ThinkPHP\Library\Think\Think.class.php 第 230 行.

[ 2018-03-07T11:32:27+08:00 ] 127.0.0.1 /Home/index/cleardata
INFO: [ app_init ] --START--
INFO: Run Behavior\BuildLiteBehavior [ RunTime:0.000012s ]
INFO: [ app_init ] --END-- [ RunTime:0.000416s ]
ERR: 无法加载模块:Home
NOTIC: [2] Cannot modify header information - headers already sent D:\phpStudy\PHPTutorial\WWW\test\ThinkPHP\Library\Think\Think.class.php 第 229 行.
NOTIC: [2] Cannot modify header information - headers already sent D:\phpStudy\PHPTutorial\WWW\test\ThinkPHP\Library\Think\Think.class.php 第 230 行.

[ 2018-03-07T11:32:29+08:00 ] 127.0.0.1 /Home/index/cleardata
INFO: [ app_init ] --START--
INFO: Run Behavior\BuildLiteBehavior [ RunTime:0.000009s ]
INFO: [ app_init ] --END-- [ RunTime:0.000330s ]
ERR: 无法加载模块:Home
NOTIC: [2] Cannot modify header information - headers already sent D:\phpStudy\PHPTutorial\WWW\test\ThinkPHP\Library\Think\Think.class.php 第 229 行.
NOTIC: [2] Cannot modify header information - headers already sent D:\phpStudy\PHPTutorial\WWW\test\ThinkPHP\Library\Think\Think.class.php 第 230 行.

[ 2018-03-07T11:32:31+08:00 ] 127.0.0.1 /Home/index/cleardata
INFO: [ app_init ] --START--
INFO: Run Behavior\BuildLiteBehavior [ RunTime:0.000017s ]
INFO: [ app_init ] --END-- [ RunTime:0.000824s ]
ERR: 无法加载模块:Home
NOTIC: [2] Cannot modify header information - headers already sent D:\phpStudy\PHPTutorial\WWW\test\ThinkPHP\Library\Think\Think.class.php 第 229 行.
NOTIC: [2] Cannot modify header information - headers already sent D:\phpStudy\PHPTutorial\WWW\test\ThinkPHP\Library\Think\Think.class.php 第 230 行.

[ 2018-03-07T11:32:33+08:00 ] 127.0.0.1 /Home/index/cleardata
INFO: [ app_init ] --START--
INFO: Run Behavior\BuildLiteBehavior [ RunTime:0.000011s ]
INFO: [ app_init ] --END-- [ RunTime:0.000533s ]
ERR: 无法加载模块:Home
NOTIC: [2] Cannot modify header information - headers already sent D:\phpStudy\PHPTutorial\WWW\test\ThinkPHP\Library\Think\Think.class.php 第 229 行.
NOTIC: [2] Cannot modify header information - headers already sent D:\phpStudy\PHPTutorial\WWW\test\ThinkPHP\Library\Think\Think.class.php 第 230 行.

[ 2018-03-07T11:32:35+08:00 ] 127.0.0.1 /Home/index/shishic
INFO: [ app_init ] --START--
INFO: Run Behavior\BuildLiteBehavior [ RunTime:0.000013s ]
INFO: [ app_init ] --END-- [ RunTime:0.000355s ]
ERR: 无法加载模块:Home
NOTIC: [2] Cannot modify header information - headers already sent D:\phpStudy\PHPTutorial\WWW\test\ThinkPHP\Library\Think\Think.class.php 第 229 行.
NOTIC: [2] Cannot modify header information - headers already sent D:\phpStudy\PHPTutorial\WWW\test\ThinkPHP\Library\Think\Think.class.php 第 230 行.

[ 2018-03-07T11:32:35+08:00 ] 127.0.0.1 /Home/index/cleardata
INFO: [ app_init ] --START--
INFO: Run Behavior\BuildLiteBehavior [ RunTime:0.000012s ]
INFO: [ app_init ] --END-- [ RunTime:0.000535s ]
ERR: 无法加载模块:Home
NOTIC: [2] Cannot modify header information - headers already sent D:\phpStudy\PHPTutorial\WWW\test\ThinkPHP\Library\Think\Think.class.php 第 229 行.
NOTIC: [2] Cannot modify header information - headers already sent D:\phpStudy\PHPTutorial\WWW\test\ThinkPHP\Library\Think\Think.class.php 第 230 行.

[ 2018-03-07T11:32:36+08:00 ] 127.0.0.1 /Home/index/cleardata
INFO: [ app_init ] --START--
INFO: Run Behavior\BuildLiteBehavior [ RunTime:0.000014s ]
INFO: [ app_init ] --END-- [ RunTime:0.000469s ]
ERR: 无法加载模块:Home
NOTIC: [2] Cannot modify header information - headers already sent D:\phpStudy\PHPTutorial\WWW\test\ThinkPHP\Library\Think\Think.class.php 第 229 行.
NOTIC: [2] Cannot modify header information - headers already sent D:\phpStudy\PHPTutorial\WWW\test\ThinkPHP\Library\Think\Think.class.php 第 230 行.

[ 2018-03-07T11:32:36+08:00 ] 127.0.0.1 /Home/index/pk10
INFO: [ app_init ] --START--
INFO: Run Behavior\BuildLiteBehavior [ RunTime:0.000009s ]
INFO: [ app_init ] --END-- [ RunTime:0.000280s ]
ERR: 无法加载模块:Home
NOTIC: [2] Cannot modify header information - headers already sent D:\phpStudy\PHPTutorial\WWW\test\ThinkPHP\Library\Think\Think.class.php 第 229 行.
NOTIC: [2] Cannot modify header information - headers already sent D:\phpStudy\PHPTutorial\WWW\test\ThinkPHP\Library\Think\Think.class.php 第 230 行.

[ 2018-03-07T11:32:37+08:00 ] 127.0.0.1 /Home/index/cleardata
INFO: [ app_init ] --START--
INFO: Run Behavior\BuildLiteBehavior [ RunTime:0.000007s ]
INFO: [ app_init ] --END-- [ RunTime:0.000252s ]
ERR: 无法加载模块:Home
NOTIC: [2] Cannot modify header information - headers already sent D:\phpStudy\PHPTutorial\WWW\test\ThinkPHP\Library\Think\Think.class.php 第 229 行.
NOTIC: [2] Cannot modify header information - headers already sent D:\phpStudy\PHPTutorial\WWW\test\ThinkPHP\Library\Think\Think.class.php 第 230 行.

[ 2018-03-07T11:32:40+08:00 ] 127.0.0.1 /Public/admin/images/btn.png
INFO: [ app_init ] --START--
INFO: Run Behavior\BuildLiteBehavior [ RunTime:0.000009s ]
INFO: [ app_init ] --END-- [ RunTime:0.000289s ]
ERR: 无法加载模块:Public

[ 2018-03-07T11:57:13+08:00 ] 127.0.0.1 /Public/admin/images/btn.png
INFO: [ app_init ] --START--
INFO: Run Behavior\BuildLiteBehavior [ RunTime:0.000012s ]
INFO: [ app_init ] --END-- [ RunTime:0.000326s ]
ERR: 无法加载模块:Public

[ 2018-03-07T11:58:54+08:00 ] 127.0.0.1 /Public/admin/images/btn.png
INFO: [ app_init ] --START--
INFO: Run Behavior\BuildLiteBehavior [ RunTime:0.000013s ]
INFO: [ app_init ] --END-- [ RunTime:0.000365s ]
ERR: 无法加载模块:Public

[ 2018-03-07T11:59:03+08:00 ] 127.0.0.1 /Public/admin/images/btn.png
INFO: [ app_init ] --START--
INFO: Run Behavior\BuildLiteBehavior [ RunTime:0.000016s ]
INFO: [ app_init ] --END-- [ RunTime:0.000399s ]
ERR: 无法加载模块:Public

[ 2018-03-07T11:59:03+08:00 ] 127.0.0.1 /favicon.ico
INFO: [ app_init ] --START--
INFO: Run Behavior\BuildLiteBehavior [ RunTime:0.000014s ]
INFO: [ app_init ] --END-- [ RunTime:0.000387s ]
ERR: 无法加载模块:Favicon

[ 2018-03-07T12:03:14+08:00 ] 127.0.0.1 /Public/admin/images/btn.png
INFO: [ app_init ] --START--
INFO: Run Behavior\BuildLiteBehavior [ RunTime:0.000016s ]
INFO: [ app_init ] --END-- [ RunTime:0.000421s ]
ERR: 无法加载模块:Public

